https://jobs.wordpress.net - https://jobs.wordpress.net/wp-sitemap.xml - Sitemap Index
https://jobs.wordpress.net - https://jobs.wordpress.net/wp-sitemap-posts-page-1.xml - Pages: 5
https://jobs.wordpress.net - https://jobs.wordpress.net/wp-sitemap-posts-job-1.xml - Pages: 25
https://jobs.wordpress.net - https://jobs.wordpress.net/wp-sitemap-taxonomies-job_category-1.xml - Pages: 7
https://jobs.wordpress.net - https://jobs.wordpress.net/wp-sitemap-users-1.xml - Pages: 1
https://central.wordcamp.org - No Sitemap
https://wordpress.tv - https://wordpress.tv/sitemap.xml - Pages: 1001
https://wordpressfoundation.org - https://wordpressfoundation.org/sitemap.xml - Sitemap Index
https://wordpressfoundation.org - https://wordpressfoundation.org/sitemap-1.xml - Pages: 80
https://wordpressfoundation.org - https://wordpressfoundation.org/image-sitemap-1.xml - Pages: 81
https://doaction.org - https://doaction.org/sitemap.xml - Sitemap Index
https://doaction.org - https://doaction.org/sitemap-1.xml - Pages: 28
https://doaction.org - https://doaction.org/image-sitemap-1.xml - Pages: 383
https://af.wordpress.org - No Sitemap
https://af.wordpress.org/support - No Sitemap
https://af.wordpress.org/team - No Sitemap
https://ak.wordpress.org - No Sitemap
https://ak.wordpress.org/support - No Sitemap
https://am.wordpress.org - No Sitemap
https://am.wordpress.org/support - No Sitemap
https://an.wordpress.org - No Sitemap
https://an.wordpress.org/support - No Sitemap
https://api.wordpress.org - No Sitemap
https://apps.wordpress.org - https://apps.wordpress.com/sitemap.xml - Pages: 56
https://ar.wordpress.org - No Sitemap
https://ar.wordpress.org/support - No Sitemap
https://ar.wordpress.org/team - No Sitemap
https://arg.wordpress.org - No Sitemap
https://arq.wordpress.org - No Sitemap
https://arq.wordpress.org/support - No Sitemap
https://ary.wordpress.org - No Sitemap
https://ary.wordpress.org/support - No Sitemap
https://ary.wordpress.org/team - No Sitemap
https://as.wordpress.org - No Sitemap
https://as.wordpress.org/support - No Sitemap
https://ast.wordpress.org - No Sitemap
https://ast.wordpress.org/support - No Sitemap
https://az-tr.wordpress.org - No Sitemap
https://az-tr.wordpress.org/support - No Sitemap
https://az.wordpress.org - No Sitemap
https://az.wordpress.org/support - No Sitemap
https://az.wordpress.org/team - No Sitemap
https://azb.wordpress.org - No Sitemap
https://azb.wordpress.org/team - No Sitemap
https://bal.wordpress.org - No Sitemap
https://bcc.wordpress.org - No Sitemap
https://bcc.wordpress.org/support - No Sitemap
https://bel.wordpress.org - No Sitemap
https://bel.wordpress.org/support - No Sitemap
https://bg.wordpress.org - No Sitemap
https://bg.wordpress.org/support - No Sitemap
https://bg.wordpress.org/team - No Sitemap
https://bho.wordpress.org - No Sitemap
https://bn-in.wordpress.org - No Sitemap
https://bn-in.wordpress.org/team - No Sitemap
https://bn.wordpress.org - No Sitemap
https://bn.wordpress.org/support - No Sitemap
https://bn.wordpress.org/team - No Sitemap
https://bo.wordpress.org - No Sitemap
https://bo.wordpress.org/team - No Sitemap
https://br.wordpress.org - No Sitemap
https://br.wordpress.org/support - No Sitemap
https://br.wordpress.org/team - No Sitemap
https://bre.wordpress.org - No Sitemap
https://bre.wordpress.org/support - No Sitemap
https://brx.wordpress.org - No Sitemap
https://bs.wordpress.org - No Sitemap
https://bs.wordpress.org/support - No Sitemap
https://ca-valencia.wordpress.org - No Sitemap
https://ca-valencia.wordpress.org/team - No Sitemap
https://ca.wordpress.org - No Sitemap
https://ca.wordpress.org/support - No Sitemap
https://ca.wordpress.org/team - No Sitemap
https://ceb.wordpress.org - No Sitemap
https://ceb.wordpress.org/support - No Sitemap
https://cl.wordpress.org - No Sitemap
https://cl.wordpress.org/team - No Sitemap
https://cn.wordpress.org - No Sitemap
https://cn.wordpress.org/support - No Sitemap
https://cn.wordpress.org/team - No Sitemap
https://co.wordpress.org - No Sitemap
https://co.wordpress.org/support - No Sitemap
https://cor.wordpress.org - No Sitemap
https://cor.wordpress.org/team - No Sitemap
https://cs.wordpress.org - No Sitemap
https://cs.wordpress.org/support - No Sitemap
https://cs.wordpress.org/team - No Sitemap
https://cy.wordpress.org - No Sitemap
https://cy.wordpress.org/team - No Sitemap
https://da.wordpress.org - No Sitemap
https://da.wordpress.org/support - https://da.wordpress.org/support/sitemap.xml - Sitemap Index
https://da.wordpress.org/support - https://da.wordpress.org/support/sitemap-1.xml - Pages: 2
https://da.wordpress.org/team - No Sitemap
https://de-at.wordpress.org - No Sitemap
https://de-at.wordpress.org/team - No Sitemap
https://de-ch.wordpress.org - No Sitemap
https://de-ch.wordpress.org/team - No Sitemap
https://de.wordpress.org - No Sitemap
https://de.wordpress.org/support - No Sitemap
https://de.wordpress.org/team-old - No Sitemap
https://de.wordpress.org/team - No Sitemap
https://deleted-s-origin.wordpress.org - No Sitemap
https://developer.wordpress.org - https://developer.wordpress.org/sitemap.xml - Sitemap Index
https://developer.wordpress.org - https://developer.wordpress.org/sitemap-index-1.xml - Sitemap Index
https://developer.wordpress.org - https://developer.wordpress.org/sitemap-1.xml - Pages: 2000
https://developer.wordpress.org - https://developer.wordpress.org/sitemap-2.xml - Pages: 2000
https://developer.wordpress.org - https://developer.wordpress.org/sitemap-3.xml - Pages: 2000
https://developer.wordpress.org - https://developer.wordpress.org/sitemap-4.xml - Pages: 2000
https://developer.wordpress.org - https://developer.wordpress.org/sitemap-5.xml - Pages: 2000
https://developer.wordpress.org - https://developer.wordpress.org/sitemap-6.xml - Pages: 1809
https://developer.wordpress.org - https://developer.wordpress.org/image-sitemap-1.xml - Pages: 244
https://developer.wordpress.org/news - https://developer.wordpress.org/news/sitemap.xml - Sitemap Index
https://developer.wordpress.org/news - https://developer.wordpress.org/news/sitemap-1.xml - Pages: 79
https://developer.wordpress.org/news - https://developer.wordpress.org/news/image-sitemap-1.xml - Pages: 351
https://developer.wordpress.org/news - https://developer.wordpress.org/news/video-sitemap-1.xml - Pages: 6
https://developer.wordpress.org/redesign-test - No Sitemap
https://developer.wordpress.org/test-site-test - No Sitemap
https://dsb.wordpress.org - No Sitemap
https://dsb.wordpress.org/team - No Sitemap
https://dv.wordpress.org - No Sitemap
https://dzo.wordpress.org - No Sitemap
https://dzo.wordpress.org/support - No Sitemap
https://el.wordpress.org - No Sitemap
https://mercantile.wordpress.org - No Sitemap
https://el.wordpress.org/support - https://el.wordpress.org/support/sitemap.xml - Sitemap Index
https://el.wordpress.org/support - https://el.wordpress.org/support/sitemap-1.xml - Pages: 4
https://el.wordpress.org/team - No Sitemap
https://emoji.wordpress.org - No Sitemap
https://emoji.wordpress.org/support - No Sitemap
https://en-au.wordpress.org - No Sitemap
https://en-au.wordpress.org/team - No Sitemap
https://en-ca.wordpress.org - No Sitemap
https://en-ca.wordpress.org/team - No Sitemap
https://en-gb.wordpress.org - No Sitemap
https://en-gb.wordpress.org/team - No Sitemap
https://en-nz.wordpress.org - No Sitemap
https://en-nz.wordpress.org/team - No Sitemap
https://en-za.wordpress.org - No Sitemap
https://en-za.wordpress.org/team - No Sitemap
https://eo.wordpress.org - No Sitemap
https://eo.wordpress.org/support - No Sitemap
https://eo.wordpress.org/team - No Sitemap
https://es-ar.wordpress.org - No Sitemap
https://es-ar.wordpress.org/support - No Sitemap
https://es-ar.wordpress.org/team - No Sitemap
https://es-co.wordpress.org - No Sitemap
https://es-cr.wordpress.org - No Sitemap
https://es-cr.wordpress.org/team - No Sitemap
https://es-do.wordpress.org - No Sitemap
https://es-do.wordpress.org/team - No Sitemap
https://es-ec.wordpress.org - No Sitemap
https://es-ec.wordpress.org/team - No Sitemap
https://es-gt.wordpress.org - No Sitemap
https://es-gt.wordpress.org/team - No Sitemap
https://es-hn.wordpress.org - No Sitemap
https://es-hn.wordpress.org/team - No Sitemap
https://es-mx.wordpress.org - No Sitemap
https://es-mx.wordpress.org/support - No Sitemap
https://es-mx.wordpress.org/team - No Sitemap
https://es-pr.wordpress.org - No Sitemap
https://es-uy.wordpress.org - No Sitemap
https://es-uy.wordpress.org/team - No Sitemap
https://es.wordpress.org - No Sitemap
https://es.wordpress.org/support - No Sitemap
https://es.wordpress.org/team - No Sitemap
https://et.wordpress.org - No Sitemap
https://et.wordpress.org/support - No Sitemap
https://eu.wordpress.org - No Sitemap
https://eu.wordpress.org/support - No Sitemap
https://eu.wordpress.org/team - No Sitemap
https://ewe.wordpress.org - No Sitemap
https://fa-af.wordpress.org - No Sitemap
https://fa.wordpress.org - No Sitemap
https://fa.wordpress.org/support - No Sitemap
https://fa.wordpress.org/team - No Sitemap
https://fao.wordpress.org - No Sitemap
https://fi.wordpress.org - No Sitemap
https://fi.wordpress.org/support - No Sitemap
https://fi.wordpress.org/team - No Sitemap
https://fon.wordpress.org - No Sitemap
https://fon.wordpress.org/team - No Sitemap
https://fr-be.wordpress.org - No Sitemap
https://fr-be.wordpress.org/team - No Sitemap
https://fr-ca.wordpress.org - No Sitemap
https://fr-ca.wordpress.org/team - No Sitemap
https://fr.wordpress.org - No Sitemap
https://fr.wordpress.org/support - No Sitemap
https://fr.wordpress.org/team - No Sitemap
https://frp.wordpress.org - No Sitemap
https://frp.wordpress.org/support - No Sitemap
https://fuc.wordpress.org - No Sitemap
https://fur.wordpress.org - No Sitemap
https://fy.wordpress.org - No Sitemap
https://ga.wordpress.org - No Sitemap
https://gax.wordpress.org - No Sitemap
https://gax.wordpress.org/team - No Sitemap
https://gd.wordpress.org - No Sitemap
https://gd.wordpress.org/team - No Sitemap
https://gl.wordpress.org - No Sitemap
https://gl.wordpress.org/team - No Sitemap
https://global.wordpress.org - No Sitemap
https://gsw.wordpress.org - No Sitemap
https://gu.wordpress.org - No Sitemap
https://gu.wordpress.org/team - No Sitemap
https://hat.wordpress.org - No Sitemap
https://hau.wordpress.org - No Sitemap
https://hau.wordpress.org/team - No Sitemap
https://haz.wordpress.org - No Sitemap
https://he.wordpress.org - No Sitemap
https://he.wordpress.org/support - No Sitemap
https://he.wordpress.org/team - No Sitemap
https://hi.wordpress.org - No Sitemap
https://hi.wordpress.org/support - No Sitemap
https://hi.wordpress.org/team - No Sitemap
https://hr.wordpress.org - No Sitemap
https://hr.wordpress.org/support - No Sitemap
https://hr.wordpress.org/team - No Sitemap
https://hsb.wordpress.org - No Sitemap
https://hsb.wordpress.org/team - No Sitemap
https://hu.wordpress.org - No Sitemap
https://hu.wordpress.org/team - No Sitemap
https://hy.wordpress.org - No Sitemap
https://hy.wordpress.org/support - No Sitemap
https://hy.wordpress.org/team - No Sitemap
https://ibo.wordpress.org - No Sitemap
https://id.wordpress.org - No Sitemap
https://id.wordpress.org/support - No Sitemap
https://id.wordpress.org/team - No Sitemap
https://ido.wordpress.org - No Sitemap
https://is.wordpress.org - No Sitemap
https://is.wordpress.org/team - No Sitemap
https://it.wordpress.org - No Sitemap
https://it.wordpress.org/support - No Sitemap
https://it.wordpress.org/team - No Sitemap
https://ja.wordpress.org - No Sitemap
https://ja.wordpress.org/support - No Sitemap
https://ja.wordpress.org/team - No Sitemap
https://jv.wordpress.org - No Sitemap
https://ka.wordpress.org - No Sitemap
https://ka.wordpress.org/support - No Sitemap
https://ka.wordpress.org/team - No Sitemap
https://kaa.wordpress.org - No Sitemap
https://kaa.wordpress.org/team - No Sitemap
https://kab.wordpress.org - No Sitemap
https://kal.wordpress.org - No Sitemap
https://kea.wordpress.org - No Sitemap
https://kin.wordpress.org - No Sitemap
https://kir.wordpress.org - No Sitemap
https://kk.wordpress.org - No Sitemap
https://km.wordpress.org - No Sitemap
https://km.wordpress.org/team - No Sitemap
https://kmr.wordpress.org - No Sitemap
https://kn.wordpress.org - No Sitemap
https://ko.wordpress.org - No Sitemap
https://ko.wordpress.org/support - No Sitemap
https://ko.wordpress.org/team - No Sitemap
https://ku.wordpress.org - No Sitemap
https://ky.wordpress.org - No Sitemap
https://la.wordpress.org - No Sitemap
https://learn.wordpress.org - https://learn.wordpress.org/sitemap.xml - Sitemap Index
https://learn.wordpress.org - https://learn.wordpress.org/sitemap-1.xml - Pages: 432
https://learn.wordpress.org - https://learn.wordpress.org/image-sitemap-index-1.xml - Sitemap Index
https://learn.wordpress.org - https://learn.wordpress.org/image-sitemap-1.xml - Pages: 2000
https://learn.wordpress.org - https://learn.wordpress.org/image-sitemap-2.xml - Pages: 79
https://learn.wordpress.org - https://learn.wordpress.org/video-sitemap-1.xml - Pages: 147
https://learn.wordpress.org/meta - No Sitemap
https://learn.wordpress.org/test - No Sitemap
https://li.wordpress.org - No Sitemap
https://lij.wordpress.org - No Sitemap
https://lij.wordpress.org/team - No Sitemap
https://lin.wordpress.org - No Sitemap
https://livestream.w.org - No Sitemap
https://lmo.wordpress.org - No Sitemap
https://lmo.wordpress.org/team - No Sitemap
https://lo.wordpress.org - No Sitemap
https://login.wordpress.org - No Sitemap
https://lt.wordpress.org - No Sitemap
https://lt.wordpress.org/team - No Sitemap
https://ltz.wordpress.org - No Sitemap
https://lug.wordpress.org - No Sitemap
https://lug.wordpress.org/team - No Sitemap
https://lv.wordpress.org - No Sitemap
https://lv.wordpress.org/team - No Sitemap
https://mai.wordpress.org - No Sitemap
https://mai.wordpress.org/team - No Sitemap
https://make.wordpress.org - https://make.wordpress.org/photos/sitemap.xml - Sitemap Index
https://make.wordpress.org - https://make.wordpress.org/photos/sitemap-1.xml - Pages: 43
https://make.wordpress.org - https://make.wordpress.org/photos/image-sitemap-1.xml - Pages: 12
https://make.wordpress.org/accessibility - No Sitemap
https://make.wordpress.org/architecture - No Sitemap
https://make.wordpress.org/archive - No Sitemap
https://make.wordpress.org/camptixtest - No Sitemap
https://make.wordpress.org/chat - https://make.wordpress.org/chat/sitemap.xml - Sitemap Index
https://make.wordpress.org/chat - https://make.wordpress.org/chat/sitemap-1.xml - Pages: 9
https://make.wordpress.org/chat - https://make.wordpress.org/chat/image-sitemap-1.xml - Pages: 44
https://make.wordpress.org/chat - https://make.wordpress.org/chat/video-sitemap-1.xml - Pages: 4
https://make.wordpress.org/cli - https://make.wordpress.org/cli/sitemap.xml - Sitemap Index
https://make.wordpress.org/cli - https://make.wordpress.org/cli/sitemap-1.xml - Pages: 251
https://make.wordpress.org/cli - https://make.wordpress.org/cli/image-sitemap-1.xml - Pages: 41
https://make.wordpress.org/community - No Sitemap
https://make.wordpress.org/core - No Sitemap
